<?xml version="1.0" encoding="UTF-8"?>
<!-- Generated by org.testng.reporters.JUnitReportReporter -->
<testsuite hostname="DESKTOP-9AI69QT" failures="0" tests="1" name="pom.hrm.tests.Login.LoginTest" time="2.727" errors="0" timestamp="2025-09-02T21:52:40 IST" skipped="0">
  <testcase classname="pom.hrm.tests.Login.LoginTest" name="loginWithConfigCredentials" time="2.727"/>
</testsuite> <!-- pom.hrm.tests.Login.LoginTest -->
