<?xml version="1.0" encoding="UTF-8"?>
<!-- Generated by org.testng.reporters.JUnitReportReporter -->
<testsuite hostname="DESKTOP-9AI69QT" failures="0" tests="2" name="pom.hrm.tests.Login.LoginTest" time="10.690" errors="0" timestamp="2025-10-27T21:27:10 IST" skipped="0">
  <testcase classname="pom.hrm.tests.Login.LoginTest" name="loginWithConfigCredentials" time="2.355"/>
  <testcase classname="pom.hrm.tests.Login.LoginTest" name="verifySideMenu" time="8.335"/>
</testsuite> <!-- pom.hrm.tests.Login.LoginTest -->
