<?xml version="1.0" encoding="UTF-8"?>
<!-- Generated by org.testng.reporters.JUnitReportReporter -->
<testsuite hostname="DESKTOP-9AI69QT" failures="0" tests="1" name="pom.hrm.tests.Login.Login" time="3.941" errors="0" timestamp="2025-09-02T22:57:41 IST" skipped="0">
  <testcase classname="pom.hrm.tests.Login.Login" name="loginWithConfigCredentials" time="3.941"/>
</testsuite> <!-- pom.hrm.tests.Login.Login -->
