<?xml version="1.0" encoding="UTF-8"?>
<!-- Generated by org.testng.reporters.JUnitReportReporter -->
<testsuite hostname="DESKTOP-9AI69QT" failures="0" tests="1" name="pom.hrm.tests.Login.LoginTest" time="1.048" errors="0" timestamp="2025-08-30T17:27:53 IST" skipped="0">
  <testcase classname="pom.hrm.tests.Login.LoginTest" name="loginWithConfigCredentials" time="1.048"/>
</testsuite> <!-- pom.hrm.tests.Login.LoginTest -->
