<?xml version="1.0" encoding="UTF-8"?>
<!-- Generated by org.testng.reporters.JUnitReportReporter -->
<testsuite hostname="DESKTOP-9AI69QT" failures="0" tests="2" name="pom.hrm.tests.Login.LoginPageValidations" time="5.392" errors="0" timestamp="2025-10-27T22:10:16 IST" skipped="0">
  <testcase classname="pom.hrm.tests.Login.LoginPageValidations" name="loginWithInvalidCredentials" time="3.651"/>
  <testcase classname="pom.hrm.tests.Login.LoginPageValidations" name="loginWithInvalidCredentials" time="1.741"/>
</testsuite> <!-- pom.hrm.tests.Login.LoginPageValidations -->
